Время вызова функции <get_recipes>
 12-07-2023 21:05:09
Функция вызвана с аргументами
 ; file_path = ./recipes.txt;
Результат работы функции:
 None
Время вызова функции <get_shop_list_by_dishes>
 12-07-2023 21:05:09
Функция вызвана с аргументами
 _______________
Блюдо: Омлет
--------------------
Яйцо  -  2  шт
Молоко  -  100  мл
Помидор  -  2  шт
_________________________________
Блюдо: Утка по-пекински
--------------------
Утка  -  1  шт
Вода  -  2  л
Мед  -  3  ст.л
Соевый соус  -  60  мл
_________________________________
Блюдо: Запеченный картофель
--------------------
Картофель  -  1  кг
Чеснок  -  3  зубч
Сыр гауда  -  100  г
_________________________________
Блюдо: Фахитос
--------------------
Говядина  -  500  г
Перец сладкий  -  1  шт
Лаваш  -  2  шт
Винный уксус  -  1  ст.л
Помидор  -  2  шт
__________________; ['Запеченный картофель', 'Омлет']; 2; 
Результат работы функции:
 {'Картофель ': {'measure': ' кг', 'quantity': 2}, 'Чеснок ': {'measure': ' зубч', 'quantity': 6}, 'Сыр гауда ': {'measure': ' г', 'quantity': 200}, 'Яйцо ': {'measure': ' шт', 'quantity': 4}, 'Молоко ': {'measure': ' мл', 'quantity': 200}, 'Помидор ': {'measure': ' шт', 'quantity': 4}}
