Время вызова функции <hello_world>
 12-07-2023 21:06:38
Функция вызвана с аргументами
 -
Результат работы функции:
 Hello World
Время вызова функции <summator>
 12-07-2023 21:06:38
Функция вызвана с аргументами
 2; 2; 
Результат работы функции:
 4
Время вызова функции <div>
 12-07-2023 21:06:38
Функция вызвана с аргументами
 6; 2; 
Результат работы функции:
 3.0
Время вызова функции <summator>
 12-07-2023 21:06:38
Функция вызвана с аргументами
 4.3; b = 2.2;
Результат работы функции:
 6.5
Время вызова функции <summator>
 12-07-2023 21:06:38
Функция вызвана с аргументами
 a = 0; b = 0; 
Результат работы функции:
 0
